c:\users\klejdi\repos\networkmonitor\networkmonitor\x64\debug\mainwindow.obj
c:\users\klejdi\repos\networkmonitor\networkmonitor\x64\debug\moc_table.obj
c:\users\klejdi\repos\networkmonitor\networkmonitor\x64\debug\chart.obj
c:\users\klejdi\repos\networkmonitor\networkmonitor\x64\debug\table.obj
c:\users\klejdi\repos\networkmonitor\networkmonitor\x64\debug\moc_networkmanager.obj
c:\users\klejdi\repos\networkmonitor\networkmonitor\x64\debug\networkmanager.obj
c:\users\klejdi\repos\networkmonitor\networkmonitor\x64\debug\moc_mainwindow.obj
c:\users\klejdi\repos\networkmonitor\networkmonitor\x64\debug\main.obj
c:\users\klejdi\repos\networkmonitor\networkmonitor\x64\debug\moc_chart.obj
c:\users\klejdi\repos\networkmonitor\networkmonitor\x64\debug\qrc_resource.obj
c:\users\klejdi\repos\networkmonitor\networkmonitor\x64\debug\vc141.pdb
c:\users\klejdi\repos\networkmonitor\networkmonitor\debug\moc_predefs.h
c:\users\klejdi\repos\networkmonitor\networkmonitor\generatedfiles\debug\moc_mainwindow.cpp
c:\users\klejdi\repos\networkmonitor\networkmonitor\generatedfiles\debug\moc_networkmanager.cpp
c:\users\klejdi\repos\networkmonitor\networkmonitor\generatedfiles\debug\moc_chart.cpp
c:\users\klejdi\repos\networkmonitor\networkmonitor\generatedfiles\debug\moc_table.cpp
c:\users\klejdi\repos\networkmonitor\networkmonitor\generatedfiles\qrc_resource.cpp
c:\users\klejdi\repos\networkmonitor\networkmonitor\generatedfiles\ui_chooseadapter.h
c:\users\klejdi\repos\networkmonitor\networkmonitor\generatedfiles\ui_mainwindow.h
c:\users\klejdi\repos\networkmonitor\networkmonitor\.\generatedfiles\debug\moc_mainwindow.cpp
c:\users\klejdi\repos\networkmonitor\networkmonitor\.\generatedfiles\debug\moc_networkmanager.cpp
c:\users\klejdi\repos\networkmonitor\networkmonitor\.\generatedfiles\debug\moc_chart.cpp
c:\users\klejdi\repos\networkmonitor\networkmonitor\.\generatedfiles\debug\moc_table.cpp
c:\users\klejdi\repos\networkmonitor\networkmonitor\.\generatedfiles\qrc_resource.cpp
c:\users\klejdi\repos\networkmonitor\networkmonitor\.\generatedfiles\ui_chooseadapter.h
c:\users\klejdi\repos\networkmonitor\networkmonitor\.\generatedfiles\ui_mainwindow.h
c:\users\klejdi\repos\networkmonitor\networkmonitor\x64\debug\networkmonitor.tlog\cl.11576.write.1.tlog
c:\users\klejdi\repos\networkmonitor\networkmonitor\x64\debug\networkmonitor.tlog\cl.command.1.tlog
c:\users\klejdi\repos\networkmonitor\networkmonitor\x64\debug\networkmonitor.tlog\cl.read.1.tlog
c:\users\klejdi\repos\networkmonitor\networkmonitor\x64\debug\networkmonitor.tlog\custombuild.command.1.tlog
c:\users\klejdi\repos\networkmonitor\networkmonitor\x64\debug\networkmonitor.tlog\custombuild.read.1.tlog
c:\users\klejdi\repos\networkmonitor\networkmonitor\x64\debug\networkmonitor.tlog\custombuild.write.1.tlog
c:\users\klejdi\repos\networkmonitor\networkmonitor\x64\debug\networkmonitor.tlog\link-cvtres.read.1.tlog
c:\users\klejdi\repos\networkmonitor\networkmonitor\x64\debug\networkmonitor.tlog\link-cvtres.write.1.tlog
c:\users\klejdi\repos\networkmonitor\networkmonitor\x64\debug\networkmonitor.tlog\link-rc.read.1.tlog
c:\users\klejdi\repos\networkmonitor\networkmonitor\x64\debug\networkmonitor.tlog\link-rc.write.1.tlog
c:\users\klejdi\repos\networkmonitor\networkmonitor\x64\debug\networkmonitor.tlog\link.command.1.tlog
c:\users\klejdi\repos\networkmonitor\networkmonitor\x64\debug\networkmonitor.tlog\link.read.1.tlog
c:\users\klejdi\repos\networkmonitor\networkmonitor\x64\debug\networkmonitor.tlog\link.write.1.tlog
c:\users\klejdi\repos\networkmonitor\networkmonitor\x64\debug\networkmonitor.tlog\networkmonitor.write.1u.tlog
c:\users\klejdi\repos\networkmonitor\networkmonitor\x64\debug\networkmonitor.tlog\qtmoc.read.1u.tlog
c:\users\klejdi\repos\networkmonitor\networkmonitor\x64\debug\networkmonitor.tlog\qtmoc.write.1u.tlog
c:\users\klejdi\repos\networkmonitor\networkmonitor\x64\debug\networkmonitor.tlog\qtrcc.read.1u.tlog
c:\users\klejdi\repos\networkmonitor\networkmonitor\x64\debug\networkmonitor.tlog\qtrcc.write.1u.tlog
c:\users\klejdi\repos\networkmonitor\networkmonitor\x64\debug\networkmonitor.tlog\qtuic.read.1u.tlog
c:\users\klejdi\repos\networkmonitor\networkmonitor\x64\debug\networkmonitor.tlog\qtuic.write.1u.tlog
